<?xml version="1.0" encoding="UTF-8"?>
<!-- Generated by org.testng.reporters.JUnitReportReporter -->
<testsuite skipped="0" hostname="LTUS78337" name="com.qa.tests.LoginTest" tests="1" failures="0" timestamp="2019-11-13T10:45:10 EST" time="0.036" errors="0">
  <testcase name="loginTest" time="0.036" classname="com.qa.tests.LoginTest"/>
</testsuite> <!-- com.qa.tests.LoginTest -->
